[02-17-2021-16-38-51][LOG]: #110527 Start
[02-17-2021-16-39-13][LOG]: #110527 Start create account for mirjam.haupenthal@rediffmail.com
[02-17-2021-16-39-44][EXCEPTION]: Traceback (most recent call last):
  File "/home/ubuntu/projects/zeus/src/application/spotify/Spotify.py", line 254, in register
    email_field = self.driver.find_element_by_id( "email" )
  File "/home/ubuntu/.local/lib/python3.9/site-packages/selenium/webdriver/remote/webdriver.py", line 360, in find_element_by_id
    return self.find_element(by=By.ID, value=id_)
  File "/home/ubuntu/.local/lib/python3.9/site-packages/selenium/webdriver/remote/webdriver.py", line 976, in find_element
    return self.execute(Command.FIND_ELEMENT, {
  File "/home/ubuntu/.local/lib/python3.9/site-packages/selenium/webdriver/remote/webdriver.py", line 321, in execute
    self.error_handler.check_response(response)
  File "/home/ubuntu/.local/lib/python3.9/site-packages/selenium/webdriver/remote/errorhandler.py", line 242, in check_response
    raise exception_class(message, screen, stacktrace)
selenium.common.exceptions.NoSuchElementException: Message: no such element: Unable to locate element: {"method":"css selector","selector":"[id="email"]"}
  (Session info: headless chrome=85.0.4183.83)


[02-17-2021-16-39-50][ERROR]: #110527 Failed to create account for mirjam.haupenthal@rediffmail.com
